# JRE version: Java(TM) SE Runtime Environment (21.0.9+7) (build 21.0.9+7-LTS-338)
# Java VM: Java HotSpot(TM) 64-Bit Server VM (21.0.9+7-LTS-338, mixed mode, sharing, tiered, compressed oops, compressed class ptrs, g1 gc, windows-amd64)
GC Precious Log:
 CardTable entry size: 512
 Card Set container configuration: InlinePtr #cards 4 size 8 Array Of Cards #cards 16 size 48 Howl #buckets 8 coarsen threshold 3686 Howl Bitmap #cards 512 size 80 coarsen threshold 460 Card regions per heap region 1 cards per card region 4096
 CPUs: 4 total, 4 available
 Memory: 12203M
 Large Page Support: Disabled
 NUMA Support: Disabled
 Compressed Oops: Enabled (Zero based)
 Heap Region Size: 2M
 Heap Min Capacity: 8M
 Heap Initial Capacity: 192M
 Heap Max Capacity: 3052M
 Pre-touch: Disabled
 Parallel Workers: 4
 Concurrent Workers: 1
 Concurrent Refinement Workers: 4
 Periodic GC: Disabled
Heap:
 garbage-first heap   total 196608K, used 26187K [0x0000000741400000, 0x0000000800000000)
  region size 2048K, 13 young (26624K), 2 survivors (4096K)
 Metaspace       used 14803K, committed 15040K, reserved 1114112K
  class space    used 1758K, committed 1856K, reserved 1048576K
GC Heap History (6 events):
Event: 2.387 GC heap before
{Heap before GC invocations=0 (full 0):
 garbage-first heap   total 196608K, used 12288K [0x0000000741400000, 0x0000000800000000)
  region size 2048K, 6 young (12288K), 0 survivors (0K)
 Metaspace       used 3208K, committed 3328K, reserved 1114112K
  class space    used 322K, committed 384K, reserved 1048576K
}
Event: 2.392 GC heap after
{Heap after GC invocations=1 (full 0):
 garbage-first heap   total 196608K, used 3266K [0x0000000741400000, 0x0000000800000000)
  region size 2048K, 1 young (2048K), 1 survivors (2048K)
 Metaspace       used 3208K, committed 3328K, reserved 1114112K
  class space    used 322K, committed 384K, reserved 1048576K
}
Event: 3.537 GC heap before
{Heap before GC invocations=1 (full 0):
 garbage-first heap   total 196608K, used 13506K [0x0000000741400000, 0x0000000800000000)
  region size 2048K, 6 young (12288K), 1 survivors (2048K)
 Metaspace       used 5634K, committed 5824K, reserved 1114112K
  class space    used 648K, committed 768K, reserved 1048576K
}
Event: 3.547 GC heap after
{Heap after GC invocations=2 (full 0):
 garbage-first heap   total 196608K, used 4059K [0x0000000741400000, 0x0000000800000000)
  region size 2048K, 1 young (2048K), 1 survivors (2048K)
 Metaspace       used 5634K, committed 5824K, reserved 1114112K
  class space    used 648K, committed 768K, reserved 1048576K
}
Event: 6.678 GC heap before
{Heap before GC invocations=2 (full 0):
 garbage-first heap   total 196608K, used 36827K [0x0000000741400000, 0x0000000800000000)
  region size 2048K, 18 young (36864K), 1 survivors (2048K)
 Metaspace       used 10271K, committed 10432K, reserved 1114112K
  class space    used 1213K, committed 1280K, reserved 1048576K
}
Event: 6.690 GC heap after
{Heap after GC invocations=3 (full 0):
 garbage-first heap   total 196608K, used 5707K [0x0000000741400000, 0x0000000800000000)
  region size 2048K, 2 young (4096K), 2 survivors (4096K)
 Metaspace       used 10271K, committed 10432K, reserved 1114112K
  class space    used 1213K, committed 1280K, reserved 1048576K
}

