# JRE version: Java(TM) SE Runtime Environment (21.0.9+7) (build 21.0.9+7-LTS-338)
# Java VM: Java HotSpot(TM) 64-Bit Server VM (21.0.9+7-LTS-338, mixed mode, emulated-client, sharing, tiered, compressed oops, compressed class ptrs, g1 gc, windows-amd64)
GC Precious Log:
 CardTable entry size: 512
 Card Set container configuration: InlinePtr #cards 4 size 8 Array Of Cards #cards 16 size 48 Howl #buckets 8 coarsen threshold 3686 Howl Bitmap #cards 512 size 80 coarsen threshold 460 Card regions per heap region 1 cards per card region 4096
 CPUs: 4 total, 4 available
 Memory: 12203M
 Large Page Support: Disabled
 NUMA Support: Disabled
 Compressed Oops: Enabled (Zero based)
 Heap Region Size: 2M
 Heap Min Capacity: 8M
 Heap Initial Capacity: 192M
 Heap Max Capacity: 3052M
 Pre-touch: Disabled
 Parallel Workers: 4
 Concurrent Workers: 1
 Concurrent Refinement Workers: 4
 Periodic GC: Disabled
Heap:
 garbage-first heap   total 69632K, used 27944K [0x0000000741400000, 0x0000000800000000)
  region size 2048K, 2 young (4096K), 2 survivors (4096K)
 Metaspace       used 55907K, committed 56576K, reserved 1114112K
  class space    used 7945K, committed 8256K, reserved 1048576K
GC Heap History (20 events):
Event: 1.149 GC heap after
{Heap after GC invocations=1 (full 0):
 garbage-first heap   total 196608K, used 6768K [0x0000000741400000, 0x0000000800000000)
  region size 2048K, 1 young (2048K), 1 survivors (2048K)
 Metaspace       used 1409K, committed 1536K, reserved 1114112K
  class space    used 166K, committed 192K, reserved 1048576K
}
Event: 1.510 GC heap before
{Heap before GC invocations=1 (full 0):
 garbage-first heap   total 196608K, used 10864K [0x0000000741400000, 0x0000000800000000)
  region size 2048K, 4 young (8192K), 1 survivors (2048K)
 Metaspace       used 3027K, committed 3264K, reserved 1114112K
  class space    used 399K, committed 512K, reserved 1048576K
}
Event: 1.524 GC heap after
{Heap after GC invocations=2 (full 0):
 garbage-first heap   total 196608K, used 7319K [0x0000000741400000, 0x0000000800000000)
  region size 2048K, 1 young (2048K), 1 survivors (2048K)
 Metaspace       used 3027K, committed 3264K, reserved 1114112K
  class space    used 399K, committed 512K, reserved 1048576K
}
Event: 3.063 GC heap before
{Heap before GC invocations=2 (full 0):
 garbage-first heap   total 196608K, used 27799K [0x0000000741400000, 0x0000000800000000)
  region size 2048K, 12 young (24576K), 1 survivors (2048K)
 Metaspace       used 7688K, committed 8000K, reserved 1114112K
  class space    used 1137K, committed 1280K, reserved 1048576K
}
Event: 3.071 GC heap after
{Heap after GC invocations=3 (full 0):
 garbage-first heap   total 196608K, used 8980K [0x0000000741400000, 0x0000000800000000)
  region size 2048K, 2 young (4096K), 2 survivors (4096K)
 Metaspace       used 7688K, committed 8000K, reserved 1114112K
  class space    used 1137K, committed 1280K, reserved 1048576K
}
Event: 7.403 GC heap before
{Heap before GC invocations=3 (full 0):
 garbage-first heap   total 196608K, used 84756K [0x0000000741400000, 0x0000000800000000)
  region size 2048K, 41 young (83968K), 2 survivors (4096K)
 Metaspace       used 21116K, committed 21504K, reserved 1114112K
  class space    used 2908K, committed 3072K, reserved 1048576K
}
Event: 7.425 GC heap after
{Heap after GC invocations=4 (full 0):
 garbage-first heap   total 196608K, used 16311K [0x0000000741400000, 0x0000000800000000)
  region size 2048K, 5 young (10240K), 5 survivors (10240K)
 Metaspace       used 21116K, committed 21504K, reserved 1114112K
  class space    used 2908K, committed 3072K, reserved 1048576K
}
Event: 9.196 GC heap before
{Heap before GC invocations=5 (full 0):
 garbage-first heap   total 69632K, used 47031K [0x0000000741400000, 0x0000000800000000)
  region size 2048K, 20 young (40960K), 5 survivors (10240K)
 Metaspace       used 24413K, committed 24832K, reserved 1114112K
  class space    used 3357K, committed 3520K, reserved 1048576K
}
Event: 9.228 GC heap after
{Heap after GC invocations=6 (full 0):
 garbage-first heap   total 69632K, used 17716K [0x0000000741400000, 0x0000000800000000)
  region size 2048K, 2 young (4096K), 2 survivors (4096K)
 Metaspace       used 24413K, committed 24832K, reserved 1114112K
  class space    used 3357K, committed 3520K, reserved 1048576K
}
Event: 10.507 GC heap before
{Heap before GC invocations=6 (full 0):
 garbage-first heap   total 69632K, used 46388K [0x0000000741400000, 0x0000000800000000)
  region size 2048K, 17 young (34816K), 2 survivors (4096K)
 Metaspace       used 28447K, committed 28992K, reserved 1114112K
  class space    used 3965K, committed 4224K, reserved 1048576K
}
Event: 10.522 GC heap after
{Heap after GC invocations=7 (full 0):
 garbage-first heap   total 69632K, used 20220K [0x0000000741400000, 0x0000000800000000)
  region size 2048K, 3 young (6144K), 3 survivors (6144K)
 Metaspace       used 28447K, committed 28992K, reserved 1114112K
  class space    used 3965K, committed 4224K, reserved 1048576K
}
Event: 11.721 GC heap before
{Heap before GC invocations=7 (full 0):
 garbage-first heap   total 69632K, used 52988K [0x0000000741400000, 0x0000000800000000)
  region size 2048K, 19 young (38912K), 3 survivors (6144K)
 Metaspace       used 32450K, committed 33024K, reserved 1114112K
  class space    used 4525K, committed 4800K, reserved 1048576K
}
Event: 11.732 GC heap after
{Heap after GC invocations=8 (full 0):
 garbage-first heap   total 69632K, used 23265K [0x0000000741400000, 0x0000000800000000)
  region size 2048K, 3 young (6144K), 3 survivors (6144K)
 Metaspace       used 32450K, committed 33024K, reserved 1114112K
  class space    used 4525K, committed 4800K, reserved 1048576K
}
Event: 12.242 GC heap before
{Heap before GC invocations=8 (full 0):
 garbage-first heap   total 69632K, used 35553K [0x0000000741400000, 0x0000000800000000)
  region size 2048K, 10 young (20480K), 3 survivors (6144K)
 Metaspace       used 35411K, committed 35968K, reserved 1114112K
  class space    used 4912K, committed 5184K, reserved 1048576K
}
Event: 12.258 GC heap after
{Heap after GC invocations=9 (full 0):
 garbage-first heap   total 69632K, used 23602K [0x0000000741400000, 0x0000000800000000)
  region size 2048K, 2 young (4096K), 2 survivors (4096K)
 Metaspace       used 35411K, committed 35968K, reserved 1114112K
  class space    used 4912K, committed 5184K, reserved 1048576K
}
Event: 14.379 GC heap before
{Heap before GC invocations=10 (full 0):
 garbage-first heap   total 69632K, used 56370K [0x0000000741400000, 0x0000000800000000)
  region size 2048K, 19 young (38912K), 2 survivors (4096K)
 Metaspace       used 43938K, committed 44544K, reserved 1114112K
  class space    used 6152K, committed 6400K, reserved 1048576K
}
Event: 14.395 GC heap after
{Heap after GC invocations=11 (full 0):
 garbage-first heap   total 69632K, used 25849K [0x0000000741400000, 0x0000000800000000)
  region size 2048K, 3 young (6144K), 3 survivors (6144K)
 Metaspace       used 43938K, committed 44544K, reserved 1114112K
  class space    used 6152K, committed 6400K, reserved 1048576K
}
Event: 15.973 GC heap before
{Heap before GC invocations=11 (full 0):
 garbage-first heap   total 69632K, used 54521K [0x0000000741400000, 0x0000000800000000)
  region size 2048K, 18 young (36864K), 3 survivors (6144K)
 Metaspace       used 50702K, committed 51328K, reserved 1114112K
  class space    used 7131K, committed 7424K, reserved 1048576K
}
Event: 15.994 GC heap after
{Heap after GC invocations=12 (full 0):
 garbage-first heap   total 69632K, used 26739K [0x0000000741400000, 0x0000000800000000)
  region size 2048K, 3 young (6144K), 3 survivors (6144K)
 Metaspace       used 50702K, committed 51328K, reserved 1114112K
  class space    used 7131K, committed 7424K, reserved 1048576K
}
Event: 17.369 GC heap before
{Heap before GC invocations=12 (full 0):
 garbage-first heap   total 69632K, used 55411K [0x0000000741400000, 0x0000000800000000)
  region size 2048K, 17 young (34816K), 3 survivors (6144K)
 Metaspace       used 55907K, committed 56576K, reserved 1114112K
  class space    used 7945K, committed 8256K, reserved 1048576K
}

